<?xml version="1.0" encoding="UTF-8"?>
<!-- Generated by org.testng.reporters.JUnitReportReporter -->
<testsuite hostname="YDRAHULAL" failures="0" tests="2" name="com.automation.xyzbank.tests.customer.Story05CustomerOperations" time="2.022" errors="0" timestamp="2023-01-14T14:30:11 EET" skipped="0">
  <testcase classname="com.automation.xyzbank.tests.customer.Story05CustomerOperations" name="tc01_depositMoney" time="0.974"/>
  <system-out/>
  <testcase classname="com.automation.xyzbank.tests.customer.Story05CustomerOperations" name="tc02_withdrawMoney" time="1.048"/>
  <system-out/>
</testsuite> <!-- com.automation.xyzbank.tests.customer.Story05CustomerOperations -->
