<?xml version="1.0" encoding="UTF-8"?>
<!-- Generated by org.testng.reporters.JUnitReportReporter -->
<testsuite hostname="YDRAHULAL" failures="0" tests="1" name="com.automation.xyzbank.tests.bankmanager.Story01AddCustomer" time="3.526" errors="0" timestamp="2023-01-14T15:39:34 EET" skipped="0">
  <testcase classname="com.automation.xyzbank.tests.bankmanager.Story01AddCustomer" name="tc01_addCustomerOne" time="3.526"/>
  <system-out/>
</testsuite> <!-- com.automation.xyzbank.tests.bankmanager.Story01AddCustomer -->
