<?xml version="1.0" encoding="UTF-8"?>
<!-- Generated by org.testng.reporters.JUnitReportReporter -->
<testsuite hostname="YDRAHULAL" failures="0" tests="2" name="com.automation.xyzbank.tests.customer.Story06TransactionsTable" time="0.994" errors="0" timestamp="2023-01-14T14:30:11 EET" skipped="0">
  <testcase classname="com.automation.xyzbank.tests.customer.Story06TransactionsTable" name="tc01_verifyDepositTransaction" time="0.740"/>
  <system-out/>
  <testcase classname="com.automation.xyzbank.tests.customer.Story06TransactionsTable" name="tc02_resetBalance" time="0.254"/>
  <system-out/>
</testsuite> <!-- com.automation.xyzbank.tests.customer.Story06TransactionsTable -->
