<?xml version="1.0" encoding="UTF-8"?>
<!-- Generated by org.testng.reporters.JUnitReportReporter -->
<testsuite hostname="YDRAHULAL" failures="0" tests="1" name="com.automation.xyzbank.tests.bankmanager.Story02OpenAccount" time="1.700" errors="0" timestamp="2023-01-14T14:30:11 EET" skipped="0">
  <testcase classname="com.automation.xyzbank.tests.bankmanager.Story02OpenAccount" name="tc01_openBankAccount" time="1.700"/>
  <system-out/>
</testsuite> <!-- com.automation.xyzbank.tests.bankmanager.Story02OpenAccount -->
